Engine-Match Sunday, January 5, 2025 2:38:53 PM
 1 Second 

Pairing 1/1 :    CFishFish  -  CFishFishOld

PGN-File: C:\Program Files (x86)\Arena\Arena.pgn

No:  B/W 1/2     W:B       1:2           Time        Value Moves Dep 1:2       1-2-Draws
   1 * *     0.0:0.0        0.0:0.0       2:39:01 PM    +0.37     5 10.333 :9.667  0-0-0
   1 B 2    1.0:0.0        0.0:1.0       5:15:01 PM   -12.94    33 11.963 :12.333  0-1-0
   1 * *     0.0:0.0        0.0:0.0       6:39:50 PM    -6.62    38 11.457 :11.270  0-0-0
   1 * *     0.0:0.0        0.0:0.0       6:46:49 PM    -3.13    15 12.333 :12.889  0-0-0
   1 B 2    1.0:0.0        0.0:1.0       7:01:04 PM    -0.12     7 0:10.000  0-1-0
   2 W 2    1.0:0.0        0.0:2.0       7:08:07 PM   +16.56    68 11.607 :11.321  0-2-0
  23 * *     0.0:0.0        0.0:0.0       9:50:24 PM    +0.21     5 0:0 0-0-0
   1 = =    0.5:0.5        0.5:0.5       10:42:35 AM     0.00    69 12.250 :12.133  0-0-1
   1 = =    0.5:0.5        0.5:0.5       10:51:25 AM     0.00    84 12.091 :12.500  0-0-1
   2 = =    1.0:1.0        1.0:1.0       11:09:37 AM     0.00    62 11.885 :12.067  0-0-2
   3 B 2    2.0:1.0        1.0:2.0       11:29:36 AM   -14.46    65 11.400 :12.480  0-1-2
   4 W 2    2.0:1.0        1.0:3.0       11:46:19 AM   +12.38    54 11.979 :12.511  0-2-2
   5 B 2    2.0:1.0        1.0:4.0       12:00:35 PM      -M6    62 11.815 :13.018  0-3-2
   6 W 2    2.0:1.0        1.0:5.0       12:17:51 PM    +9.99    43 10.880 :12.000  0-4-2
   7 = =    1.5:1.5        1.5:5.5       12:50:22 PM     0.00   152 11.920 :12.275  0-4-3
   8 W 2    2.5:1.5        1.5:6.5       1:07:35 PM   +15.68    85 11.333 :11.956  0-5-3
   9 = =    2.0:2.0        2.0:7.0       1:22:02 PM     0.00    34 10.750 :11.789  0-5-4
  10 W 2    3.0:2.0        2.0:8.0       1:39:17 PM      +M4    60 11.526 :12.439  0-6-4
  11 = =    2.5:2.5        2.5:8.5       1:57:18 PM     0.00    46 11.273 :12.083  0-6-5
   1 B 2    1.0:0.0        0.0:1.0       6:21:33 PM   -16.50    58 12.000 :12.231  0-1-0
   1 W 1    1.0:0.0        1.0:0.0       6:31:30 PM    +9.82    48 12.871 :12.933  1-0-0
  22 = =    4.0:4.0        13.0:9.0      9:09:44 PM     0.00    62 13.143 :13.091  9-5-8
  42 B 1    8.0:7.0        22.0:20.0     11:26:53 PM      -M5    45 12.475 :12.561  15-13-14

--------------------------------------------------------------

Engine-Match Tuesday, January 7, 2025 9:16:31 AM
 3 Seconds 

Pairing 1/1 :    CFishFish  -  CFishFishOld

PGN-File: C:\Program Files (x86)\Arena\Arena.pgn

No:  B/W 1/2     W:B       1:2           Time        Value Moves Dep 1:2       1-2-Draws
   1 * *     0.0:0.0        0.0:0.0       9:24:55 AM    +1.31    81 13.182 :12.909  0-0-0
   1 B 2    1.0:0.0        0.0:1.0       10:40:28 AM      -M7    67 12.545 :12.782  0-1-0

--------------------------------------------------------------

Engine-Match Tuesday, January 7, 2025 12:13:50 PM
 1 Second 

Pairing 1/1 :    CFishFish  -  CFishFishOld

PGN-File: C:\Program Files (x86)\Arena\Arena.pgn

No:  B/W 1/2     W:B       1:2           Time        Value Moves Dep 1:2       1-2-Draws
  13 * *     2.5:2.5        5.5:6.5       12:13:55 PM     0.00     4 0:0 3-4-5
  21 W 1    4.0:3.0        14.0:7.0      1:13:19 PM   +12.40    58 10.902 :10.341  11-4-6
   1 = =    0.5:0.5        0.5:0.5       10:24:16 AM    +0.09   101 11.275 :11.200  0-0-1
   5 W 1    2.5:1.5        3.5:1.5       10:58:40 AM   +10.39    51 9.533 :10.000  2-0-3
   1 B 2    1.0:0.0        0.0:1.0       12:01:59 PM     0.00    38 11.429 :11.643  0-1-0
   1 B 2    1.0:0.0        0.0:1.0       12:41:14 PM   -21.77    60 13.032 :12.258  0-1-0
   1 W 1    1.0:0.0        1.0:0.0       2:54:02 PM   +21.13    48 11.786 :11.846  1-0-0
   1 = =    0.5:0.5        0.5:0.5       12:45:45 PM     0.00    33 12.800 :13.000  0-0-1
   1 = =    0.5:0.5        0.5:0.5       1:30:09 PM     0.00    91 12.400 :11.933  0-0-1
   1 * *     0.0:0.0        0.0:0.0       7:35:20 PM    -0.27    56 13.895 :12.405  0-0-0
   1 = =    0.5:0.5        0.5:0.5       10:34:37 PM     0.00   107 13.667 :12.875  0-0-1
  21 W 1    3.0:2.0        10.0:11.0     12:18:05 AM   +15.01    58 10.227 :10.864  8-9-4
  41 = =    6.0:6.0        25.0:16.0     1:11:12 AM     0.00    49 10.474 :10.500  19-10-12
  48 B 1    10.5:9.5       27.5:20.5     3:45:21 AM   -10.57    62 12.059 :11.571  18-11-19
  68 = =    13.0:13.0      40.0:28.0     4:32:52 AM     0.00    49 11.643 :11.143  27-15-26
 108 W 2    22.5:21.5      65.5:42.5     6:19:17 AM   +19.54    57 10.500 :11.231  44-21-43
 128 W 2    24.5:23.5      79.5:48.5     7:02:39 AM      +M7    51 10.963 :10.519  56-25-47
 148 W 2    27.0:26.0      90.0:58.0     7:51:41 AM   +11.33    59 11.684 :11.000  64-32-52
 168 B 1    29.5:28.5      101.5:66.5    8:42:02 AM   -15.03    61 11.632 :11.200  73-38-57
 188 B 1    33.0:32.0      113.0:75.0    9:30:11 AM    -9.49    61 11.606 :11.121  81-43-64
 208 B 1    35.5:34.5      127.5:80.5    10:19:03 AM   -11.99    70 11.087 :10.545  93-46-69
 228 B 1    39.5:38.5      137.5:90.5    11:13:30 AM   -11.76    58 11.295 :10.432  99-52-77
