Engine-Match Friday, January 3, 2025 7:56:01 PM
 10 Seconds 

Pairing 1/1 :    JavaFish  -  CFishFish

PGN-File: C:\Program Files (x86)\Arena\Arena.pgn

No:  B/W 1/2     W:B       1:2           Time        Value Moves Dep 1:2       1-2-Draws
   1 W 1    1.0:0.0        1.0:0.0       8:18:53 PM   +14.75    70 13.444 :13.800  1-0-0

--------------------------------------------------------------

Engine-Match Friday, January 3, 2025 9:24:11 PM
 10 Seconds 

Pairing 1/1 :    JavaFish  -  CFishFish

PGN-File: C:\Program Files (x86)\Arena\Arena.pgn

No:  B/W 1/2     W:B       1:2           Time        Value Moves Dep 1:2       1-2-Draws
   1 B 2    1.0:0.0        0.0:1.0       9:49:52 PM    -9.67    79 13.500 :14.342  0-1-0

--------------------------------------------------------------

Engine-Match Friday, January 3, 2025 10:17:27 PM
 3 Seconds 

Pairing 1/1 :    JavaFish  -  CFishFish

PGN-File: C:\Program Files (x86)\Arena\Arena.pgn

No:  B/W 1/2     W:B       1:2           Time        Value Moves Dep 1:2       1-2-Draws
   1 * *     0.0:0.0        0.0:0.0       10:17:49 PM    +1.45     6 11.000 :0 0-0-0

--------------------------------------------------------------

Engine-Match Friday, January 3, 2025 10:22:54 PM
 3 Seconds 

Pairing 1/1 :    JavaFish  -  CFishFish

PGN-File: C:\Program Files (x86)\Arena\Arena.pgn

No:  B/W 1/2     W:B       1:2           Time        Value Moves Dep 1:2       1-2-Draws
   1 * *     0.0:0.0        0.0:0.0       10:23:45 PM    +1.76     4 11.000 :0 0-0-0
   1 * *     0.0:0.0        0.0:0.0       10:25:12 PM     0.00     1 0:0 0-0-0

--------------------------------------------------------------

Engine-Match Friday, January 3, 2025 11:48:07 PM
 3 Seconds 

Pairing 1/1 :    JavaFish  -  CFishFish

PGN-File: C:\Program Files (x86)\Arena\Arena.pgn

No:  B/W 1/2     W:B       1:2           Time        Value Moves Dep 1:2       1-2-Draws
   1 * *     0.0:0.0        0.0:0.0       11:49:39 PM    +5.15    20 10.867 :8.923  0-0-0
