  cFishFish.cpp
C:\Users\Alden\Documents\GitHub\cFishFish\cFishFish\cFishFish\Book.h(19,13): warning C4244: 'argument': conversion from 'time_t' to 'unsigned int', possible loss of data
  (compiling source file 'cFishFish.cpp')
  
  Eval.cpp
C:\Users\Alden\Documents\GitHub\cFishFish\cFishFish\cFishFish\Eval.cpp(788,31): warning C4244: '+=': conversion from 'float' to 'int', possible loss of data
C:\Users\Alden\Documents\GitHub\cFishFish\cFishFish\cFishFish\Eval.cpp(791,31): warning C4244: '-=': conversion from 'float' to 'int', possible loss of data
C:\Users\Alden\Documents\GitHub\cFishFish\cFishFish\cFishFish\Eval.cpp(805,18): warning C4244: '+=': conversion from 'float' to 'int', possible loss of data
C:\Users\Alden\Documents\GitHub\cFishFish\cFishFish\cFishFish\Eval.cpp(812,18): warning C4244: '+=': conversion from 'float' to 'int', possible loss of data
C:\Users\Alden\Documents\GitHub\cFishFish\cFishFish\cFishFish\Eval.cpp(825,37): warning C4244: '-=': conversion from 'float' to 'int', possible loss of data
C:\Users\Alden\Documents\GitHub\cFishFish\cFishFish\cFishFish\Eval.cpp(832,26): warning C4244: '-=': conversion from 'float' to 'int', possible loss of data
C:\Users\Alden\Documents\GitHub\cFishFish\cFishFish\cFishFish\Eval.cpp(855,14): warning C4244: '*=': conversion from 'float' to 'int', possible loss of data
C:\Users\Alden\Documents\GitHub\cFishFish\cFishFish\cFishFish\Eval.cpp(857,14): warning C4244: '*=': conversion from 'float' to 'int', possible loss of data
C:\Users\Alden\Documents\GitHub\cFishFish\cFishFish\cFishFish\Eval.cpp(861,14): warning C4244: '*=': conversion from 'double' to 'int', possible loss of data
C:\Users\Alden\Documents\GitHub\cFishFish\cFishFish\cFishFish\Eval.cpp(863,14): warning C4244: '*=': conversion from 'double' to 'int', possible loss of data
C:\Users\Alden\Documents\GitHub\cFishFish\cFishFish\cFishFish\Eval.cpp(868,14): warning C4244: '*=': conversion from 'float' to 'int', possible loss of data
C:\Users\Alden\Documents\GitHub\cFishFish\cFishFish\cFishFish\Eval.cpp(870,14): warning C4244: '*=': conversion from 'float' to 'int', possible loss of data
C:\Users\Alden\Documents\GitHub\cFishFish\cFishFish\cFishFish\Eval.cpp(874,14): warning C4244: '*=': conversion from 'double' to 'int', possible loss of data
C:\Users\Alden\Documents\GitHub\cFishFish\cFishFish\cFishFish\Eval.cpp(876,14): warning C4244: '*=': conversion from 'double' to 'int', possible loss of data
  Search.cpp
  TranspositionTable.cpp
  Generating Code...
C:\Users\Alden\Documents\GitHub\cFishFish\cFishFish\cFishFish\Eval.cpp(274,1): warning C4715: 'Eval::winnable': not all control paths return a value
  cFishFish.vcxproj -> C:\Users\Alden\Documents\GitHub\cFishFish\cFishFish\x64\Debug\cFishFish.exe
